0 info it worked if it ends with ok
1 verbose cli [ '/usr/bin/node',
1 verbose cli   '/usr/bin/npm',
1 verbose cli   'install',
1 verbose cli   '--save-dev',
1 verbose cli   '@babel/core',
1 verbose cli   '@babel/node',
1 verbose cli   '@babel/preset-env' ]
2 info using npm@3.5.2
3 info using node@v8.10.0
4 silly loadCurrentTree Starting
5 silly install loadCurrentTree
6 silly install readLocalPackageData
7 silly fetchPackageMetaData @babel/core
8 silly fetchPackageMetaData @babel/node
9 silly fetchPackageMetaData @babel/preset-env
10 silly fetchNamedPackageData @babel/core
11 silly mapToRegistry name @babel/core
12 silly mapToRegistry scope (from package name) @babel
13 verbose mapToRegistry no registry URL found in name for scope @babel
14 silly mapToRegistry using default registry
15 silly mapToRegistry registry https://registry.npmjs.org/
16 silly mapToRegistry uri https://registry.npmjs.org/@babel%2fcore
17 silly fetchNamedPackageData @babel/node
18 silly mapToRegistry name @babel/node
19 silly mapToRegistry scope (from package name) @babel
20 verbose mapToRegistry no registry URL found in name for scope @babel
21 silly mapToRegistry using default registry
22 silly mapToRegistry registry https://registry.npmjs.org/
23 silly mapToRegistry uri https://registry.npmjs.org/@babel%2fnode
24 silly fetchNamedPackageData @babel/preset-env
25 silly mapToRegistry name @babel/preset-env
26 silly mapToRegistry scope (from package name) @babel
27 verbose mapToRegistry no registry URL found in name for scope @babel
28 silly mapToRegistry using default registry
29 silly mapToRegistry registry https://registry.npmjs.org/
30 silly mapToRegistry uri https://registry.npmjs.org/@babel%2fpreset-env
31 verbose request uri https://registry.npmjs.org/@babel%2fcore
32 verbose request no auth needed
33 info attempt registry request try #1 at 10:37:47 AM
34 verbose request id cb2908f5a403e893
35 verbose etag W/"cab5bfa9856516cb18b5554256b7e9ee"
36 verbose lastModified Fri, 25 Oct 2024 13:54:45 GMT
37 http request GET https://registry.npmjs.org/@babel%2fcore
38 verbose request uri https://registry.npmjs.org/@babel%2fnode
39 verbose request no auth needed
40 info attempt registry request try #1 at 10:37:48 AM
41 verbose etag W/"88bedeee66a83a549a7011c84bf0a9d5"
42 verbose lastModified Fri, 25 Oct 2024 13:53:50 GMT
43 http request GET https://registry.npmjs.org/@babel%2fnode
44 verbose request uri https://registry.npmjs.org/@babel%2fpreset-env
45 verbose request no auth needed
46 info attempt registry request try #1 at 10:37:48 AM
47 verbose etag W/"19573a2fa96e15121db1520d0dc846a7"
48 verbose lastModified Fri, 25 Oct 2024 13:54:57 GMT
49 http request GET https://registry.npmjs.org/@babel%2fpreset-env
50 http 304 https://registry.npmjs.org/@babel%2fnode
51 verbose headers { date: 'Tue, 26 Nov 2024 10:37:48 GMT',
51 verbose headers   connection: 'keep-alive',
51 verbose headers   'cf-ray': '8e893ec9f9e3c991-IAD',
51 verbose headers   'cf-cache-status': 'HIT',
51 verbose headers   'access-control-allow-origin': '*',
51 verbose headers   age: '96',
51 verbose headers   'cache-control': 'public, max-age=300',
51 verbose headers   etag: '"88bedeee66a83a549a7011c84bf0a9d5"',
51 verbose headers   'last-modified': 'Fri, 25 Oct 2024 13:53:50 GMT',
51 verbose headers   vary: 'Accept-Encoding',
51 verbose headers   server: 'cloudflare' }
52 silly get cb [ 304,
52 silly get   { date: 'Tue, 26 Nov 2024 10:37:48 GMT',
52 silly get     connection: 'keep-alive',
52 silly get     'cf-ray': '8e893ec9f9e3c991-IAD',
52 silly get     'cf-cache-status': 'HIT',
52 silly get     'access-control-allow-origin': '*',
52 silly get     age: '96',
52 silly get     'cache-control': 'public, max-age=300',
52 silly get     etag: '"88bedeee66a83a549a7011c84bf0a9d5"',
52 silly get     'last-modified': 'Fri, 25 Oct 2024 13:53:50 GMT',
52 silly get     vary: 'Accept-Encoding',
52 silly get     server: 'cloudflare' } ]
53 verbose etag https://registry.npmjs.org/@babel%2fnode from cache
54 verbose get saving @babel/node to /root/.npm/registry.npmjs.org/_40babel_252fnode/.cache.json
55 http 304 https://registry.npmjs.org/@babel%2fcore
56 verbose headers { date: 'Tue, 26 Nov 2024 10:37:48 GMT',
56 verbose headers   connection: 'keep-alive',
56 verbose headers   'cf-ray': '8e893eca8c94c567-IAD',
56 verbose headers   'cf-cache-status': 'HIT',
56 verbose headers   'access-control-allow-origin': '*',
56 verbose headers   age: '78',
56 verbose headers   'cache-control': 'public, max-age=300',
56 verbose headers   etag: '"cab5bfa9856516cb18b5554256b7e9ee"',
56 verbose headers   'last-modified': 'Fri, 25 Oct 2024 13:54:45 GMT',
56 verbose headers   vary: 'Accept-Encoding',
56 verbose headers   server: 'cloudflare' }
57 silly get cb [ 304,
57 silly get   { date: 'Tue, 26 Nov 2024 10:37:48 GMT',
57 silly get     connection: 'keep-alive',
57 silly get     'cf-ray': '8e893eca8c94c567-IAD',
57 silly get     'cf-cache-status': 'HIT',
57 silly get     'access-control-allow-origin': '*',
57 silly get     age: '78',
57 silly get     'cache-control': 'public, max-age=300',
57 silly get     etag: '"cab5bfa9856516cb18b5554256b7e9ee"',
57 silly get     'last-modified': 'Fri, 25 Oct 2024 13:54:45 GMT',
57 silly get     vary: 'Accept-Encoding',
57 silly get     server: 'cloudflare' } ]
58 verbose etag https://registry.npmjs.org/@babel%2fcore from cache
59 verbose get saving @babel/core to /root/.npm/registry.npmjs.org/_40babel_252fcore/.cache.json
60 http 304 https://registry.npmjs.org/@babel%2fpreset-env
61 verbose headers { date: 'Tue, 26 Nov 2024 10:37:48 GMT',
61 verbose headers   connection: 'keep-alive',
61 verbose headers   'cf-ray': '8e893eca8e9282ea-IAD',
61 verbose headers   'cf-cache-status': 'HIT',
61 verbose headers   'access-control-allow-origin': '*',
61 verbose headers   age: '231',
61 verbose headers   'cache-control': 'public, max-age=300',
61 verbose headers   etag: '"19573a2fa96e15121db1520d0dc846a7"',
61 verbose headers   'last-modified': 'Fri, 25 Oct 2024 13:54:57 GMT',
61 verbose headers   vary: 'Accept-Encoding',
61 verbose headers   server: 'cloudflare' }
62 silly get cb [ 304,
62 silly get   { date: 'Tue, 26 Nov 2024 10:37:48 GMT',
62 silly get     connection: 'keep-alive',
62 silly get     'cf-ray': '8e893eca8e9282ea-IAD',
62 silly get     'cf-cache-status': 'HIT',
62 silly get     'access-control-allow-origin': '*',
62 silly get     age: '231',
62 silly get     'cache-control': 'public, max-age=300',
62 silly get     etag: '"19573a2fa96e15121db1520d0dc846a7"',
62 silly get     'last-modified': 'Fri, 25 Oct 2024 13:54:57 GMT',
62 silly get     vary: 'Accept-Encoding',
62 silly get     server: 'cloudflare' } ]
63 verbose etag https://registry.npmjs.org/@babel%2fpreset-env from cache
64 verbose get saving @babel/preset-env to /root/.npm/registry.npmjs.org/_40babel_252fpreset-env/.cache.json
65 silly install normalizeTree
66 silly loadCurrentTree Finishing
67 silly loadIdealTree Starting
68 silly install loadIdealTree
69 silly cloneCurrentTree Starting
70 silly install cloneCurrentTreeToIdealTree
71 silly cloneCurrentTree Finishing
72 silly loadShrinkwrap Starting
73 silly install loadShrinkwrap
74 silly loadShrinkwrap Finishing
75 silly loadAllDepsIntoIdealTree Starting
76 silly install loadAllDepsIntoIdealTree
77 verbose stack Error: Missing required argument #1
77 verbose stack     at andLogAndFinish (/usr/share/npm/lib/fetch-package-metadata.js:31:3)
77 verbose stack     at fetchPackageMetadata (/usr/share/npm/lib/fetch-package-metadata.js:51:22)
77 verbose stack     at resolveWithNewModule (/usr/share/npm/lib/install/deps.js:456:12)
77 verbose stack     at /usr/share/npm/lib/install/deps.js:190:5
77 verbose stack     at /usr/share/npm/node_modules/slide/lib/async-map.js:52:35
77 verbose stack     at Array.forEach (<anonymous>)
77 verbose stack     at /usr/share/npm/node_modules/slide/lib/async-map.js:52:11
77 verbose stack     at Array.forEach (<anonymous>)
77 verbose stack     at asyncMap (/usr/share/npm/node_modules/slide/lib/async-map.js:51:8)
77 verbose stack     at exports.loadRequestedDeps (/usr/share/npm/lib/install/deps.js:188:3)
78 verbose cwd /alx-backend-javascript/0x05-Node_JS_basic
79 error Linux 5.3.0-1032-aws
80 error argv "/usr/bin/node" "/usr/bin/npm" "install" "--save-dev" "@babel/core" "@babel/node" "@babel/preset-env"
81 error node v8.10.0
82 error npm  v3.5.2
83 error code EMISSINGARG
84 error typeerror Error: Missing required argument #1
84 error typeerror     at andLogAndFinish (/usr/share/npm/lib/fetch-package-metadata.js:31:3)
84 error typeerror     at fetchPackageMetadata (/usr/share/npm/lib/fetch-package-metadata.js:51:22)
84 error typeerror     at resolveWithNewModule (/usr/share/npm/lib/install/deps.js:456:12)
84 error typeerror     at /usr/share/npm/lib/install/deps.js:190:5
84 error typeerror     at /usr/share/npm/node_modules/slide/lib/async-map.js:52:35
84 error typeerror     at Array.forEach (<anonymous>)
84 error typeerror     at /usr/share/npm/node_modules/slide/lib/async-map.js:52:11
84 error typeerror     at Array.forEach (<anonymous>)
84 error typeerror     at asyncMap (/usr/share/npm/node_modules/slide/lib/async-map.js:51:8)
84 error typeerror     at exports.loadRequestedDeps (/usr/share/npm/lib/install/deps.js:188:3)
85 error typeerror This is an error with npm itself. Please report this error at:
85 error typeerror     <http://github.com/npm/npm/issues>
86 verbose exit [ 1, true ]
